<?xml version="1.0" encoding="UTF-8"?>
<testng-results skipped="0" failed="0" ignored="0" total="1" passed="1">
  <reporter-output>
  </reporter-output>
  <suite name="Gradle suite" duration-ms="7990" started-at="2023-02-15T00:12:14 BDT" finished-at="2023-02-15T00:12:22 BDT">
    <groups>
      <group name="cucumber">
        <method signature="AbstractTestNGCucumberTests.runScenario(io.cucumber.testng.PickleWrapper, io.cucumber.testng.FeatureWrapper)[pri:0, instance:TestRunner.CucumberRunnerTests@333291e3]" name="runScenario" class="io.cucumber.testng.AbstractTestNGCucumberTests"/>
      </group> <!-- cucumber -->
    </groups>
    <test name="Gradle test" duration-ms="7990" started-at="2023-02-15T00:12:14 BDT" finished-at="2023-02-15T00:12:22 BDT">
      <class name="TestRunner.CucumberRunnerTests">
        <test-method status="PASS" signature="setUpClass()[pri:0, instance:TestRunner.CucumberRunnerTests@333291e3]" name="setUpClass" is-config="true" duration-ms="491" started-at="2023-02-15T00:12:14 BDT" finished-at="2023-02-15T00:12:15 BDT">
          <reporter-output>
          </reporter-output>
        </test-method> <!-- setUpClass -->
        <test-method status="PASS" signature="runScenario(io.cucumber.testng.PickleWrapper, io.cucumber.testng.FeatureWrapper)[pri:0, instance:TestRunner.CucumberRunnerTests@333291e3]" name="runScenario" duration-ms="7408" started-at="2023-02-15T00:12:15 BDT" description="Runs Cucumber Scenarios" data-provider="scenarios" finished-at="2023-02-15T00:12:22 BDT">
          <params>
            <param index="0">
              <value>
                <![CDATA["Add customer with valid data"]]>
              </value>
            </param>
            <param index="1">
              <value>
                <![CDATA["Optional[BankManagerLogin]"]]>
              </value>
            </param>
          </params>
          <reporter-output>
          </reporter-output>
        </test-method> <!-- runScenario -->
        <test-method status="PASS" signature="tearDownClass()[pri:0, instance:TestRunner.CucumberRunnerTests@333291e3]" name="tearDownClass" is-config="true" duration-ms="58" started-at="2023-02-15T00:12:22 BDT" finished-at="2023-02-15T00:12:22 BDT">
          <reporter-output>
          </reporter-output>
        </test-method> <!-- tearDownClass -->
      </class> <!-- TestRunner.CucumberRunnerTests -->
    </test> <!-- Gradle test -->
  </suite> <!-- Gradle suite -->
</testng-results>
